0 info it worked if it ends with ok
1 verbose cli [ '/usr/local/Cellar/node/6.2.0/bin/node',
1 verbose cli   '/usr/local/bin/npm',
1 verbose cli   'start' ]
2 info using npm@3.9.3
3 info using node@v6.2.0
4 verbose run-script [ 'prestart', 'start', 'poststart' ]
5 info lifecycle contact-list-angular@1.0.0~prestart: contact-list-angular@1.0.0
6 silly lifecycle contact-list-angular@1.0.0~prestart: no script for prestart, continuing
7 info lifecycle contact-list-angular@1.0.0~start: contact-list-angular@1.0.0
8 verbose lifecycle contact-list-angular@1.0.0~start: unsafe-perm in lifecycle true
9 verbose lifecycle contact-list-angular@1.0.0~start: PATH: /usr/local/lib/node_modules/npm/bin/node-gyp-bin:/Users/dancamina/Code/contact-list-angular/node_modules/.bin:/usr/local/Cellar/node/6.2.0/bin:/Users/dancamina/.rbenv/shims:/usr/local/bin:/usr/bin:/bin:/usr/sbin:/sbin:~/.composer/vendor/bin/:/opt/X11/bin
10 verbose lifecycle contact-list-angular@1.0.0~start: CWD: /Users/dancamina/Code/contact-list-angular
11 silly lifecycle contact-list-angular@1.0.0~start: Args: [ '-c', 'tsc && concurrently "npm run tsc:w" "npm run lite" ' ]
12 silly lifecycle contact-list-angular@1.0.0~start: Returned: code: 2  signal: null
13 info lifecycle contact-list-angular@1.0.0~start: Failed to exec start script
14 verbose stack Error: contact-list-angular@1.0.0 start: `tsc && concurrently "npm run tsc:w" "npm run lite" `
14 verbose stack Exit status 2
14 verbose stack     at EventEmitter.<anonymous> (/usr/local/lib/node_modules/npm/lib/utils/lifecycle.js:245:16)
14 verbose stack     at emitTwo (events.js:106:13)
14 verbose stack     at EventEmitter.emit (events.js:191:7)
14 verbose stack     at ChildProcess.<anonymous> (/usr/local/lib/node_modules/npm/lib/utils/spawn.js:24:14)
14 verbose stack     at emitTwo (events.js:106:13)
14 verbose stack     at ChildProcess.emit (events.js:191:7)
14 verbose stack     at maybeClose (internal/child_process.js:850:16)
14 verbose stack     at Process.ChildProcess._handle.onexit (internal/child_process.js:215:5)
15 verbose pkgid contact-list-angular@1.0.0
16 verbose cwd /Users/dancamina/Code/contact-list-angular
17 error Darwin 15.5.0
18 error argv "/usr/local/Cellar/node/6.2.0/bin/node" "/usr/local/bin/npm" "start"
19 error node v6.2.0
20 error npm  v3.9.3
21 error code ELIFECYCLE
22 error contact-list-angular@1.0.0 start: `tsc && concurrently "npm run tsc:w" "npm run lite" `
22 error Exit status 2
23 error Failed at the contact-list-angular@1.0.0 start script 'tsc && concurrently "npm run tsc:w" "npm run lite" '.
23 error Make sure you have the latest version of node.js and npm installed.
23 error If you do, this is most likely a problem with the contact-list-angular package,
23 error not with npm itself.
23 error Tell the author that this fails on your system:
23 error     tsc && concurrently "npm run tsc:w" "npm run lite"
23 error You can get information on how to open an issue for this project with:
23 error     npm bugs contact-list-angular
23 error Or if that isn't available, you can get their info via:
23 error     npm owner ls contact-list-angular
23 error There is likely additional logging output above.
24 verbose exit [ 1, true ]
